<?xml version="1.0" encoding="UTF-8"?>
<testng-results ignored="0" total="0" passed="0" failed="0" skipped="0">
  <reporter-output>
  </reporter-output>
  <suite started-at="2022-12-13T20:05:32 MST" name="Surefire suite" finished-at="2022-12-13T20:05:59 MST" duration-ms="26544">
    <groups>
    </groups>
    <test started-at="2022-12-13T20:05:32 MST" name="Surefire test" finished-at="2022-12-13T20:05:59 MST" duration-ms="26544">
    </test> <!-- Surefire test -->
  </suite> <!-- Surefire suite -->
</testng-results>
